<Objs Version="1.1.0.1"
    xmlns="http://schemas.microsoft.com/powershell/2004/04">
    <Obj RefId="0">
        <TN RefId="0">
            <T>System.Collections.Generic.List`1[[System.Object, mscorlib, Version=4.0.0.0, Culture=neutral, PublicKeyToken=b77a5c561934e089]]</T>
            <T>System.Object</T>
        </TN>
        <LST>
            <B>true</B>
        </LST>
    </Obj>
</Objs>